  MeshElement.cpp
  Mesher.cpp
C:\Users\evans\ASenDHome\ASenD3D\solverSrc\mesher\Mesher.cpp(77,9): warning C4101: 'proj': unreferenced local variable
C:\Users\evans\ASenDHome\ASenD3D\solverSrc\mesher\Mesher.cpp(182,15): warning C4244: '=': conversion from 'double' to 'int', possible loss of data
C:\Users\evans\ASenDHome\ASenD3D\solverSrc\mesher\Mesher.cpp(185,15): warning C4244: '=': conversion from 'double' to 'int', possible loss of data
C:\Users\evans\ASenDHome\ASenD3D\solverSrc\mesher\Mesher.cpp(271,13): warning C4101: 'fcNds': unreferenced local variable
C:\Users\evans\ASenDHome\ASenD3D\solverSrc\mesher\Mesher.cpp(572,12): warning C4101: 'faceNds': unreferenced local variable
C:\Users\evans\ASenDHome\ASenD3D\solverSrc\mesher\Mesher.cpp(570,6): warning C4101: 'i2': unreferenced local variable
  MeshFace.cpp
  MeshNode.cpp
  SpatialGrid.cpp
C:\Users\evans\ASenDHome\ASenD3D\solverSrc\mesher\SpatialGrid.cpp(129,35): warning C4244: '=': conversion from 'double' to 'int', possible loss of data
C:\Users\evans\ASenDHome\ASenD3D\solverSrc\mesher\SpatialGrid.cpp(130,35): warning C4244: '=': conversion from 'double' to 'int', possible loss of data
C:\Users\evans\ASenDHome\ASenD3D\solverSrc\mesher\SpatialGrid.cpp(131,35): warning C4244: '=': conversion from 'double' to 'int', possible loss of data
C:\Users\evans\ASenDHome\ASenD3D\solverSrc\mesher\SpatialGrid.cpp(138,9): warning C4244: 'initializing': conversion from 'double' to 'int', possible loss of data
C:\Users\evans\ASenDHome\ASenD3D\solverSrc\mesher\SpatialGrid.cpp(145,9): warning C4244: 'initializing': conversion from 'double' to 'int', possible loss of data
C:\Users\evans\ASenDHome\ASenD3D\solverSrc\mesher\SpatialGrid.cpp(152,9): warning C4244: 'initializing': conversion from 'double' to 'int', possible loss of data
C:\Users\evans\ASenDHome\ASenD3D\solverSrc\mesher\SpatialGrid.cpp(164,9): warning C4244: 'initializing': conversion from 'double' to 'int', possible loss of data
C:\Users\evans\ASenDHome\ASenD3D\solverSrc\mesher\SpatialGrid.cpp(171,9): warning C4244: 'initializing': conversion from 'double' to 'int', possible loss of data
C:\Users\evans\ASenDHome\ASenD3D\solverSrc\mesher\SpatialGrid.cpp(178,9): warning C4244: 'initializing': conversion from 'double' to 'int', possible loss of data
C:\Users\evans\ASenDHome\ASenD3D\solverSrc\mesher\SpatialGrid.cpp(190,9): warning C4244: 'initializing': conversion from 'double' to 'int', possible loss of data
C:\Users\evans\ASenDHome\ASenD3D\solverSrc\mesher\SpatialGrid.cpp(197,9): warning C4244: 'initializing': conversion from 'double' to 'int', possible loss of data
C:\Users\evans\ASenDHome\ASenD3D\solverSrc\mesher\SpatialGrid.cpp(204,9): warning C4244: 'initializing': conversion from 'double' to 'int', possible loss of data
C:\Users\evans\ASenDHome\ASenD3D\solverSrc\mesher\SpatialGrid.cpp(224,29): warning C4244: '=': conversion from 'double' to 'int', possible loss of data
C:\Users\evans\ASenDHome\ASenD3D\solverSrc\mesher\SpatialGrid.cpp(228,29): warning C4244: '=': conversion from 'double' to 'int', possible loss of data
C:\Users\evans\ASenDHome\ASenD3D\solverSrc\mesher\SpatialGrid.cpp(239,29): warning C4244: '=': conversion from 'double' to 'int', possible loss of data
C:\Users\evans\ASenDHome\ASenD3D\solverSrc\mesher\SpatialGrid.cpp(243,29): warning C4244: '=': conversion from 'double' to 'int', possible loss of data
C:\Users\evans\ASenDHome\ASenD3D\solverSrc\mesher\SpatialGrid.cpp(254,29): warning C4244: '=': conversion from 'double' to 'int', possible loss of data
C:\Users\evans\ASenDHome\ASenD3D\solverSrc\mesher\SpatialGrid.cpp(258,29): warning C4244: '=': conversion from 'double' to 'int', possible loss of data
  unstrucTetMesh.cpp
  utilities.cpp
C:\Users\evans\ASenDHome\ASenD3D\solverSrc\mesher\utilities.cpp(150,20): warning C4267: '=': conversion from 'size_t' to 'int', possible loss of data
C:\Users\evans\ASenDHome\ASenD3D\solverSrc\mesher\utilities.cpp(155,25): warning C4267: '=': conversion from 'size_t' to 'int', possible loss of data
C:\Users\evans\ASenDHome\ASenD3D\solverSrc\mesher\utilities.cpp(156,20): warning C4267: '=': conversion from 'size_t' to 'int', possible loss of data
C:\Users\evans\ASenDHome\ASenD3D\solverSrc\mesher\utilities.cpp(159,34): warning C4267: '=': conversion from 'size_t' to 'int', possible loss of data
C:\Users\evans\ASenDHome\ASenD3D\solverSrc\mesher\utilities.cpp(192,35): warning C4267: '=': conversion from 'size_t' to 'int', possible loss of data
C:\Users\evans\ASenDHome\ASenD3D\solverSrc\mesher\utilities.cpp(195,28): warning C4267: '=': conversion from 'size_t' to 'int', possible loss of data
C:\Users\evans\ASenDHome\ASenD3D\solverSrc\mesher\utilities.cpp(196,32): warning C4267: '=': conversion from 'size_t' to 'int', possible loss of data
C:\Users\evans\ASenDHome\ASenD3D\solverSrc\mesher\utilities.cpp(211,21): warning C4267: '=': conversion from 'size_t' to 'int', possible loss of data
C:\Users\evans\ASenDHome\ASenD3D\solverSrc\mesher\utilities.cpp(216,36): warning C4267: '=': conversion from 'size_t' to 'int', possible loss of data
C:\Users\evans\ASenDHome\ASenD3D\solverSrc\mesher\utilities.cpp(219,29): warning C4267: '=': conversion from 'size_t' to 'int', possible loss of data
C:\Users\evans\ASenDHome\ASenD3D\solverSrc\mesher\utilities.cpp(220,33): warning C4267: '=': conversion from 'size_t' to 'int', possible loss of data
  Generating code
  Previous IPDB not found, fall back to full compilation.
  All 333 functions were compiled because no usable IPDB/IOBJ from previous compilation was found.
  Finished generating code
  unstrucTetMesh.vcxproj -> C:\Users\evans\ASenDHome\ASenD3D\VS\mesher\unstrucTetMesh\x64\Release\unstrucTetMesh.exe
