  ASenD_runJob.cpp
  ConstraintClass.cpp
C:\Users\evans\ASenDHome\ASenD3D\solverSrc\mainSolver\ConstraintClass.cpp(42,42): warning C4267: '=': conversion from 'size_t' to 'int', possible loss of data
C:\Users\evans\ASenDHome\ASenD3D\solverSrc\mainSolver\ConstraintClass.cpp(37,7): warning C4101: 'set_found': unreferenced local variable
C:\Users\evans\ASenDHome\ASenD3D\solverSrc\mainSolver\ConstraintClass.cpp(85,6): warning C4101: 'i1': unreferenced local variable
  DesignVariableClass.cpp
  DiffDoubClass.cpp
  ElementClass.cpp
C:\Users\evans\ASenDHome\ASenD3D\solverSrc\mainSolver\ElementClass.cpp(799,38): warning C4267: 'return': conversion from 'size_t' to 'int', possible loss of data
C:\Users\evans\ASenDHome\ASenD3D\solverSrc\mainSolver\ElementClass.cpp(804,9): warning C4267: 'initializing': conversion from 'size_t' to 'int', possible loss of data
  ElementEquations.cpp
C:\Users\evans\ASenDHome\ASenD3D\solverSrc\mainSolver\ElementEquations.cpp(122,9): warning C4101: 'b_vec': unreferenced local variable
C:\Users\evans\ASenDHome\ASenD3D\solverSrc\mainSolver\ElementEquations.cpp(121,9): warning C4101: 'x_vec': unreferenced local variable
C:\Users\evans\ASenDHome\ASenD3D\solverSrc\mainSolver\ElementEquations.cpp(391,6): warning C4101: 'i8': unreferenced local variable
C:\Users\evans\ASenDHome\ASenD3D\solverSrc\mainSolver\ElementEquations.cpp(392,6): warning C4101: 'i9': unreferenced local variable
C:\Users\evans\ASenDHome\ASenD3D\solverSrc\mainSolver\ElementEquations.cpp(1347,6): warning C4101: 'i5': unreferenced local variable
C:\Users\evans\ASenDHome\ASenD3D\solverSrc\mainSolver\ElementEquations.cpp(1353,6): warning C4101: 'dof2': unreferenced local variable
C:\Users\evans\ASenDHome\ASenD3D\solverSrc\mainSolver\ElementEquations.cpp(1352,6): warning C4101: 'dof': unreferenced local variable
C:\Users\evans\ASenDHome\ASenD3D\solverSrc\mainSolver\ElementEquations.cpp(1346,6): warning C4101: 'i4': unreferenced local variable
C:\Users\evans\ASenDHome\ASenD3D\solverSrc\mainSolver\ElementEquations.cpp(1655,14): warning C4267: 'initializing': conversion from 'size_t' to 'int', possible loss of data
C:\Users\evans\ASenDHome\ASenD3D\solverSrc\mainSolver\ElementEquations.cpp(1866,14): warning C4267: 'initializing': conversion from 'size_t' to 'int', possible loss of data
C:\Users\evans\ASenDHome\ASenD3D\solverSrc\mainSolver\ElementEquations.cpp(2170,6): warning C4101: 'i8': unreferenced local variable
C:\Users\evans\ASenDHome\ASenD3D\solverSrc\mainSolver\ElementEquations.cpp(2171,6): warning C4101: 'i9': unreferenced local variable
C:\Users\evans\ASenDHome\ASenD3D\solverSrc\mainSolver\ElementEquations.cpp(3125,6): warning C4101: 'i5': unreferenced local variable
C:\Users\evans\ASenDHome\ASenD3D\solverSrc\mainSolver\ElementEquations.cpp(3131,6): warning C4101: 'dof2': unreferenced local variable
C:\Users\evans\ASenDHome\ASenD3D\solverSrc\mainSolver\ElementEquations.cpp(3130,6): warning C4101: 'dof': unreferenced local variable
C:\Users\evans\ASenDHome\ASenD3D\solverSrc\mainSolver\ElementEquations.cpp(3124,6): warning C4101: 'i4': unreferenced local variable
C:\Users\evans\ASenDHome\ASenD3D\solverSrc\mainSolver\ElementEquations.cpp(3433,14): warning C4267: 'initializing': conversion from 'size_t' to 'int', possible loss of data
C:\Users\evans\ASenDHome\ASenD3D\solverSrc\mainSolver\ElementEquations.cpp(3644,14): warning C4267: 'initializing': conversion from 'size_t' to 'int', possible loss of data
  ElementProperties.cpp
C:\Users\evans\ASenDHome\ASenD3D\solverSrc\mainSolver\ElementProperties.cpp(701,40): warning C4267: '=': conversion from 'size_t' to 'int', possible loss of data
C:\Users\evans\ASenDHome\ASenD3D\solverSrc\mainSolver\ElementProperties.cpp(940,18): warning C4101: 'this_dv': unreferenced local variable
C:\Users\evans\ASenDHome\ASenD3D\solverSrc\mainSolver\ElementProperties.cpp(997,40): warning C4267: '=': conversion from 'size_t' to 'int', possible loss of data
C:\Users\evans\ASenDHome\ASenD3D\solverSrc\mainSolver\ElementProperties.cpp(1109,22): warning C4267: '=': conversion from 'size_t' to 'int', possible loss of data
C:\Users\evans\ASenDHome\ASenD3D\solverSrc\mainSolver\ElementProperties.cpp(1170,6): warning C4101: 'layi': unreferenced local variable
C:\Users\evans\ASenDHome\ASenD3D\solverSrc\mainSolver\ElementProperties.cpp(1223,35): warning C4267: '=': conversion from 'size_t' to 'int', possible loss of data
C:\Users\evans\ASenDHome\ASenD3D\solverSrc\mainSolver\ElementProperties.cpp(1279,10): warning C4101: 'area_mom': unreferenced local variable
C:\Users\evans\ASenDHome\ASenD3D\solverSrc\mainSolver\ElementProperties.cpp(1273,18): warning C4101: 'this_dv': unreferenced local variable
C:\Users\evans\ASenDHome\ASenD3D\solverSrc\mainSolver\ElementProperties.cpp(1278,12): warning C4101: 'mat_pt': unreferenced local variable
C:\Users\evans\ASenDHome\ASenD3D\solverSrc\mainSolver\ElementProperties.cpp(1398,18): warning C4101: 'this_dv': unreferenced local variable
C:\Users\evans\ASenDHome\ASenD3D\solverSrc\mainSolver\ElementProperties.cpp(1447,6): warning C4101: 'dv_ind': unreferenced local variable
C:\Users\evans\ASenDHome\ASenD3D\solverSrc\mainSolver\ElementProperties.cpp(1578,18): warning C4101: 'this_dv': unreferenced local variable
C:\Users\evans\ASenDHome\ASenD3D\solverSrc\mainSolver\ElementProperties.cpp(1616,14): warning C4267: 'initializing': conversion from 'size_t' to 'int', possible loss of data
C:\Users\evans\ASenDHome\ASenD3D\solverSrc\mainSolver\ElementProperties.cpp(1656,18): warning C4101: 'this_dv': unreferenced local variable
C:\Users\evans\ASenDHome\ASenD3D\solverSrc\mainSolver\ElementProperties.cpp(1715,6): warning C4101: 'dv_comp': unreferenced local variable
C:\Users\evans\ASenDHome\ASenD3D\solverSrc\mainSolver\ElementProperties.cpp(1711,6): warning C4101: 'i1': unreferenced local variable
C:\Users\evans\ASenDHome\ASenD3D\solverSrc\mainSolver\ElementProperties.cpp(1740,40): warning C4267: '=': conversion from 'size_t' to 'int', possible loss of data
C:\Users\evans\ASenDHome\ASenD3D\solverSrc\mainSolver\ElementProperties.cpp(1752,6): warning C4101: 'i1': unreferenced local variable
C:\Users\evans\ASenDHome\ASenD3D\solverSrc\mainSolver\ElementProperties.cpp(1828,18): warning C4101: 'this_dvpt': unreferenced local variable
C:\Users\evans\ASenDHome\ASenD3D\solverSrc\mainSolver\ElementProperties.cpp(1827,6): warning C4101: 'dv_ind': unreferenced local variable
C:\Users\evans\ASenDHome\ASenD3D\solverSrc\mainSolver\ElementProperties.cpp(2746,40): warning C4267: '=': conversion from 'size_t' to 'int', possible loss of data
C:\Users\evans\ASenDHome\ASenD3D\solverSrc\mainSolver\ElementProperties.cpp(2985,18): warning C4101: 'this_dv': unreferenced local variable
C:\Users\evans\ASenDHome\ASenD3D\solverSrc\mainSolver\ElementProperties.cpp(3042,40): warning C4267: '=': conversion from 'size_t' to 'int', possible loss of data
C:\Users\evans\ASenDHome\ASenD3D\solverSrc\mainSolver\ElementProperties.cpp(3154,22): warning C4267: '=': conversion from 'size_t' to 'int', possible loss of data
C:\Users\evans\ASenDHome\ASenD3D\solverSrc\mainSolver\ElementProperties.cpp(3215,6): warning C4101: 'layi': unreferenced local variable
C:\Users\evans\ASenDHome\ASenD3D\solverSrc\mainSolver\ElementProperties.cpp(3268,35): warning C4267: '=': conversion from 'size_t' to 'int', possible loss of data
C:\Users\evans\ASenDHome\ASenD3D\solverSrc\mainSolver\ElementProperties.cpp(3324,10): warning C4101: 'area_mom': unreferenced local variable
C:\Users\evans\ASenDHome\ASenD3D\solverSrc\mainSolver\ElementProperties.cpp(3318,18): warning C4101: 'this_dv': unreferenced local variable
C:\Users\evans\ASenDHome\ASenD3D\solverSrc\mainSolver\ElementProperties.cpp(3323,12): warning C4101: 'mat_pt': unreferenced local variable
C:\Users\evans\ASenDHome\ASenD3D\solverSrc\mainSolver\ElementProperties.cpp(3443,18): warning C4101: 'this_dv': unreferenced local variable
C:\Users\evans\ASenDHome\ASenD3D\solverSrc\mainSolver\ElementProperties.cpp(3492,6): warning C4101: 'dv_ind': unreferenced local variable
C:\Users\evans\ASenDHome\ASenD3D\solverSrc\mainSolver\ElementProperties.cpp(3623,18): warning C4101: 'this_dv': unreferenced local variable
C:\Users\evans\ASenDHome\ASenD3D\solverSrc\mainSolver\ElementProperties.cpp(3661,14): warning C4267: 'initializing': conversion from 'size_t' to 'int', possible loss of data
C:\Users\evans\ASenDHome\ASenD3D\solverSrc\mainSolver\ElementProperties.cpp(3701,18): warning C4101: 'this_dv': unreferenced local variable
C:\Users\evans\ASenDHome\ASenD3D\solverSrc\mainSolver\ElementProperties.cpp(3760,6): warning C4101: 'dv_comp': unreferenced local variable
C:\Users\evans\ASenDHome\ASenD3D\solverSrc\mainSolver\ElementProperties.cpp(3756,6): warning C4101: 'i1': unreferenced local variable
C:\Users\evans\ASenDHome\ASenD3D\solverSrc\mainSolver\ElementProperties.cpp(3785,40): warning C4267: '=': conversion from 'size_t' to 'int', possible loss of data
C:\Users\evans\ASenDHome\ASenD3D\solverSrc\mainSolver\ElementProperties.cpp(3797,6): warning C4101: 'i1': unreferenced local variable
C:\Users\evans\ASenDHome\ASenD3D\solverSrc\mainSolver\ElementProperties.cpp(3873,18): warning C4101: 'this_dvpt': unreferenced local variable
C:\Users\evans\ASenDHome\ASenD3D\solverSrc\mainSolver\ElementProperties.cpp(3872,6): warning C4101: 'dv_ind': unreferenced local variable
  ElementSolnFields.cpp
C:\Users\evans\ASenDHome\ASenD3D\solverSrc\mainSolver\ElementSolnFields.cpp(1065,6): warning C4101: 'num_lay': unreferenced local variable
C:\Users\evans\ASenDHome\ASenD3D\solverSrc\mainSolver\ElementSolnFields.cpp(2987,6): warning C4101: 'num_lay': unreferenced local variable
  FaceClass.cpp
  JobClass.cpp
  ListEntClass.cpp
C:\Users\evans\ASenDHome\ASenD3D\solverSrc\mainSolver\ListEntClass.cpp(52,6): warning C4101: 'i1': unreferenced local variable
  LoadClass.cpp
  LowerTriMatClass.cpp
C:\Users\evans\ASenDHome\ASenD3D\solverSrc\mainSolver\LowerTriMatClass.cpp(39,6): warning C4101: 'const_dim': unreferenced local variable
C:\Users\evans\ASenDHome\ASenD3D\solverSrc\mainSolver\LowerTriMatClass.cpp(113,6): warning C4101: 'const_dim': unreferenced local variable
  LUMatClass.cpp
C:\Users\evans\ASenDHome\ASenD3D\solverSrc\mainSolver\LUMatClass.cpp(42,6): warning C4101: 'const_dim': unreferenced local variable
C:\Users\evans\ASenDHome\ASenD3D\solverSrc\mainSolver\LUMatClass.cpp(145,6): warning C4101: 'const_dim': unreferenced local variable
  matrixFunctions.cpp
C:\Users\evans\ASenDHome\ASenD3D\solverSrc\mainSolver\matrixFunctions.cpp(1068,13): warning C4244: '=': conversion from 'double' to 'int', possible loss of data
C:\Users\evans\ASenDHome\ASenD3D\solverSrc\mainSolver\matrixFunctions.cpp(1226,9): warning C4101: 'step_len': unreferenced local variable
C:\Users\evans\ASenDHome\ASenD3D\solverSrc\mainSolver\matrixFunctions.cpp(1221,9): warning C4101: 'mag': unreferenced local variable
C:\Users\evans\ASenDHome\ASenD3D\solverSrc\mainSolver\matrixFunctions.cpp(1227,7): warning C4101: 'reduced': unreferenced local variable
C:\Users\evans\ASenDHome\ASenD3D\solverSrc\mainSolver\matrixFunctions.cpp(1222,9): warning C4101: 'minv': unreferenced local variable
  ModelAnalysis.cpp
C:\Users\evans\ASenDHome\ASenD3D\solverSrc\mainSolver\ModelAnalysis.cpp(32,16): warning C4267: 'initializing': conversion from 'size_t' to 'int', possible loss of data
C:\Users\evans\ASenDHome\ASenD3D\solverSrc\mainSolver\ModelAnalysis.cpp(57,21): warning C4267: '=': conversion from 'size_t' to 'int', possible loss of data
C:\Users\evans\ASenDHome\ASenD3D\solverSrc\mainSolver\ModelAnalysis.cpp(60,22): warning C4267: '=': conversion from 'size_t' to 'int', possible loss of data
C:\Users\evans\ASenDHome\ASenD3D\solverSrc\mainSolver\ModelAnalysis.cpp(104,34): warning C4267: '=': conversion from 'size_t' to 'int', possible loss of data
C:\Users\evans\ASenDHome\ASenD3D\solverSrc\mainSolver\ModelAnalysis.cpp(184,30): warning C4267: 'argument': conversion from 'size_t' to 'int', possible loss of data
C:\Users\evans\ASenDHome\ASenD3D\solverSrc\mainSolver\ModelAnalysis.cpp(208,17): warning C4267: '=': conversion from 'size_t' to 'int', possible loss of data
C:\Users\evans\ASenDHome\ASenD3D\solverSrc\mainSolver\ModelAnalysis.cpp(225,23): warning C4267: '=': conversion from 'size_t' to 'int', possible loss of data
C:\Users\evans\ASenDHome\ASenD3D\solverSrc\mainSolver\ModelAnalysis.cpp(347,32): warning C4267: '=': conversion from 'size_t' to 'int', possible loss of data
C:\Users\evans\ASenDHome\ASenD3D\solverSrc\mainSolver\ModelAnalysis.cpp(249,7): warning C4101: 'es_ptr': unreferenced local variable
C:\Users\evans\ASenDHome\ASenD3D\solverSrc\mainSolver\ModelAnalysis.cpp(444,16): warning C4267: 'initializing': conversion from 'size_t' to 'int', possible loss of data
C:\Users\evans\ASenDHome\ASenD3D\solverSrc\mainSolver\ModelAnalysis.cpp(514,24): warning C4267: '=': conversion from 'size_t' to 'int', possible loss of data
C:\Users\evans\ASenDHome\ASenD3D\solverSrc\mainSolver\ModelAnalysis.cpp(534,23): warning C4267: '=': conversion from 'size_t' to 'int', possible loss of data
C:\Users\evans\ASenDHome\ASenD3D\solverSrc\mainSolver\ModelAnalysis.cpp(504,9): warning C4101: 'time': unreferenced local variable
C:\Users\evans\ASenDHome\ASenD3D\solverSrc\mainSolver\ModelAnalysis.cpp(505,9): warning C4101: 't_inc': unreferenced local variable
C:\Users\evans\ASenDHome\ASenD3D\solverSrc\mainSolver\ModelAnalysis.cpp(622,24): warning C4267: '=': conversion from 'size_t' to 'int', possible loss of data
C:\Users\evans\ASenDHome\ASenD3D\solverSrc\mainSolver\ModelAnalysis.cpp(612,6): warning C4101: 'num_dof': unreferenced local variable
C:\Users\evans\ASenDHome\ASenD3D\solverSrc\mainSolver\ModelAnalysis.cpp(620,7): warning C4101: 'this_set': unreferenced local variable
C:\Users\evans\ASenDHome\ASenD3D\solverSrc\mainSolver\ModelAnalysis.cpp(617,9): warning C4101: 'act_time': unreferenced local variable
C:\Users\evans\ASenDHome\ASenD3D\solverSrc\mainSolver\ModelAnalysis.cpp(614,8): warning C4101: 'this_nd': unreferenced local variable
C:\Users\evans\ASenDHome\ASenD3D\solverSrc\mainSolver\ModelAnalysis.cpp(615,11): warning C4101: 'this_el': unreferenced local variable
C:\Users\evans\ASenDHome\ASenD3D\solverSrc\mainSolver\ModelAnalysis.cpp(706,24): warning C4267: '=': conversion from 'size_t' to 'int', possible loss of data
C:\Users\evans\ASenDHome\ASenD3D\solverSrc\mainSolver\ModelAnalysis.cpp(767,24): warning C4267: '=': conversion from 'size_t' to 'int', possible loss of data
C:\Users\evans\ASenDHome\ASenD3D\solverSrc\mainSolver\ModelAnalysis.cpp(758,6): warning C4101: 'i1': unreferenced local variable
C:\Users\evans\ASenDHome\ASenD3D\solverSrc\mainSolver\ModelAnalysis.cpp(787,25): warning C4267: '=': conversion from 'size_t' to 'int', possible loss of data
C:\Users\evans\ASenDHome\ASenD3D\solverSrc\mainSolver\ModelAnalysis.cpp(776,6): warning C4101: 'ideb': unreferenced local variable
C:\Users\evans\ASenDHome\ASenD3D\solverSrc\mainSolver\ModelAnalysis.cpp(1044,9): warning C4101: 'nd_disp': unreferenced local variable
C:\Users\evans\ASenDHome\ASenD3D\solverSrc\mainSolver\ModelAnalysis.cpp(1040,6): warning C4101: 'i6': unreferenced local variable
C:\Users\evans\ASenDHome\ASenD3D\solverSrc\mainSolver\ModelAnalysis.cpp(1051,9): warning C4101: 'dp': unreferenced local variable
C:\Users\evans\ASenDHome\ASenD3D\solverSrc\mainSolver\ModelAnalysis.cpp(1039,6): warning C4101: 'i5': unreferenced local variable
C:\Users\evans\ASenDHome\ASenD3D\solverSrc\mainSolver\ModelAnalysis.cpp(1043,6): warning C4101: 'step_inc': unreferenced local variable
C:\Users\evans\ASenDHome\ASenD3D\solverSrc\mainSolver\ModelAnalysis.cpp(1041,6): warning C4101: 'n_dof': unreferenced local variable
C:\Users\evans\ASenDHome\ASenD3D\solverSrc\mainSolver\ModelAnalysis.cpp(1038,6): warning C4101: 'i4': unreferenced local variable
C:\Users\evans\ASenDHome\ASenD3D\solverSrc\mainSolver\ModelAnalysis.cpp(1042,6): warning C4101: 'glob_ind': unreferenced local variable
C:\Users\evans\ASenDHome\ASenD3D\solverSrc\mainSolver\ModelAnalysis.cpp(1241,23): warning C4267: '=': conversion from 'size_t' to 'int', possible loss of data
C:\Users\evans\ASenDHome\ASenD3D\solverSrc\mainSolver\ModelAnalysis.cpp(1323,18): warning C4267: '=': conversion from 'size_t' to 'int', possible loss of data
C:\Users\evans\ASenDHome\ASenD3D\solverSrc\mainSolver\ModelAnalysis.cpp(1302,11): warning C4101: 'this_el': unreferenced local variable
C:\Users\evans\ASenDHome\ASenD3D\solverSrc\mainSolver\ModelAnalysis.cpp(1446,25): warning C4267: '=': conversion from 'size_t' to 'int', possible loss of data
C:\Users\evans\ASenDHome\ASenD3D\solverSrc\mainSolver\ModelAnalysis.cpp(1381,10): warning C4101: 'int_adj': unreferenced local variable
C:\Users\evans\ASenDHome\ASenD3D\solverSrc\mainSolver\ModelAnalysis.cpp(1375,11): warning C4101: 'this_el': unreferenced local variable
C:\Users\evans\ASenDHome\ASenD3D\solverSrc\mainSolver\ModelAnalysis.cpp(1478,24): warning C4267: '=': conversion from 'size_t' to 'int', possible loss of data
C:\Users\evans\ASenDHome\ASenD3D\solverSrc\mainSolver\ModelAnalysis.cpp(1469,6): warning C4101: 'num_dof': unreferenced local variable
C:\Users\evans\ASenDHome\ASenD3D\solverSrc\mainSolver\ModelAnalysis.cpp(1605,8): warning C4101: 'this_nd': unreferenced local variable
C:\Users\evans\ASenDHome\ASenD3D\solverSrc\mainSolver\ModelAnalysis.cpp(1606,11): warning C4101: 'this_el': unreferenced local variable
C:\Users\evans\ASenDHome\ASenD3D\solverSrc\mainSolver\ModelAnalysis.cpp(1673,13): warning C4267: 'initializing': conversion from 'size_t' to 'int', possible loss of data
C:\Users\evans\ASenDHome\ASenD3D\solverSrc\mainSolver\ModelAnalysis.cpp(1675,8): warning C4101: 'this_nd': unreferenced local variable
C:\Users\evans\ASenDHome\ASenD3D\solverSrc\mainSolver\ModelAnalysis.cpp(1674,11): warning C4101: 'this_el': unreferenced local variable
  ModelClass.cpp
C:\Users\evans\ASenDHome\ASenD3D\solverSrc\mainSolver\ModelClass.cpp(140,41): warning C4267: '=': conversion from 'size_t' to 'int', possible loss of data
C:\Users\evans\ASenDHome\ASenD3D\solverSrc\mainSolver\ModelClass.cpp(142,33): warning C4267: '=': conversion from 'size_t' to 'int', possible loss of data
C:\Users\evans\ASenDHome\ASenD3D\solverSrc\mainSolver\ModelClass.cpp(68,9): warning C4101: 'time': unreferenced local variable
  ModelInput.cpp
C:\Users\evans\ASenDHome\ASenD3D\solverSrc\mainSolver\ModelInput.cpp(25,21): warning C4267: '=': conversion from 'size_t' to 'int', possible loss of data
C:\Users\evans\ASenDHome\ASenD3D\solverSrc\mainSolver\ModelInput.cpp(30,27): warning C4267: '=': conversion from 'size_t' to 'int', possible loss of data
C:\Users\evans\ASenDHome\ASenD3D\solverSrc\mainSolver\ModelInput.cpp(31,21): warning C4267: '=': conversion from 'size_t' to 'int', possible loss of data
C:\Users\evans\ASenDHome\ASenD3D\solverSrc\mainSolver\ModelInput.cpp(34,35): warning C4267: '=': conversion from 'size_t' to 'int', possible loss of data
C:\Users\evans\ASenDHome\ASenD3D\solverSrc\mainSolver\ModelInput.cpp(64,36): warning C4267: '=': conversion from 'size_t' to 'int', possible loss of data
C:\Users\evans\ASenDHome\ASenD3D\solverSrc\mainSolver\ModelInput.cpp(67,30): warning C4267: '=': conversion from 'size_t' to 'int', possible loss of data
C:\Users\evans\ASenDHome\ASenD3D\solverSrc\mainSolver\ModelInput.cpp(68,33): warning C4267: '=': conversion from 'size_t' to 'int', possible loss of data
C:\Users\evans\ASenDHome\ASenD3D\solverSrc\mainSolver\ModelInput.cpp(80,22): warning C4267: '=': conversion from 'size_t' to 'int', possible loss of data
C:\Users\evans\ASenDHome\ASenD3D\solverSrc\mainSolver\ModelInput.cpp(85,37): warning C4267: '=': conversion from 'size_t' to 'int', possible loss of data
C:\Users\evans\ASenDHome\ASenD3D\solverSrc\mainSolver\ModelInput.cpp(88,31): warning C4267: '=': conversion from 'size_t' to 'int', possible loss of data
C:\Users\evans\ASenDHome\ASenD3D\solverSrc\mainSolver\ModelInput.cpp(89,34): warning C4267: '=': conversion from 'size_t' to 'int', possible loss of data
C:\Users\evans\ASenDHome\ASenD3D\solverSrc\mainSolver\ModelInput.cpp(838,17): warning C4267: '=': conversion from 'size_t' to 'int', possible loss of data
C:\Users\evans\ASenDHome\ASenD3D\solverSrc\mainSolver\ModelInput.cpp(852,20): warning C4267: '=': conversion from 'size_t' to 'int', possible loss of data
C:\Users\evans\ASenDHome\ASenD3D\solverSrc\mainSolver\ModelInput.cpp(868,21): warning C4267: '=': conversion from 'size_t' to 'int', possible loss of data
C:\Users\evans\ASenDHome\ASenD3D\solverSrc\mainSolver\ModelInput.cpp(876,24): warning C4267: '=': conversion from 'size_t' to 'int', possible loss of data
C:\Users\evans\ASenDHome\ASenD3D\solverSrc\mainSolver\ModelInput.cpp(904,6): warning C4101: 'curr_tm': unreferenced local variable
C:\Users\evans\ASenDHome\ASenD3D\solverSrc\mainSolver\ModelInput.cpp(897,6): warning C4101: 'i1': unreferenced local variable
C:\Users\evans\ASenDHome\ASenD3D\solverSrc\mainSolver\ModelInput.cpp(1018,28): warning C4267: '=': conversion from 'size_t' to 'int', possible loss of data
C:\Users\evans\ASenDHome\ASenD3D\solverSrc\mainSolver\ModelInput.cpp(1022,28): warning C4267: '=': conversion from 'size_t' to 'int', possible loss of data
C:\Users\evans\ASenDHome\ASenD3D\solverSrc\mainSolver\ModelInput.cpp(1045,28): warning C4267: '=': conversion from 'size_t' to 'int', possible loss of data
C:\Users\evans\ASenDHome\ASenD3D\solverSrc\mainSolver\ModelInput.cpp(1056,28): warning C4267: '=': conversion from 'size_t' to 'int', possible loss of data
C:\Users\evans\ASenDHome\ASenD3D\solverSrc\mainSolver\ModelInput.cpp(1140,26): warning C4267: '=': conversion from 'size_t' to 'int', possible loss of data
C:\Users\evans\ASenDHome\ASenD3D\solverSrc\mainSolver\ModelInput.cpp(1420,26): warning C4267: '=': conversion from 'size_t' to 'int', possible loss of data
C:\Users\evans\ASenDHome\ASenD3D\solverSrc\mainSolver\ModelInput.cpp(1435,26): warning C4267: '=': conversion from 'size_t' to 'int', possible loss of data
C:\Users\evans\ASenDHome\ASenD3D\solverSrc\mainSolver\ModelInput.cpp(1402,8): warning C4101: 'this_nd': unreferenced local variable
  ModelOutput.cpp
C:\Users\evans\ASenDHome\ASenD3D\solverSrc\mainSolver\ModelOutput.cpp(24,9): warning C4101: 'nd_dat': unreferenced local variable
C:\Users\evans\ASenDHome\ASenD3D\solverSrc\mainSolver\ModelOutput.cpp(277,23): warning C4267: '=': conversion from 'size_t' to 'int', possible loss of data
C:\Users\evans\ASenDHome\ASenD3D\solverSrc\mainSolver\ModelOutput.cpp(282,23): warning C4267: '=': conversion from 'size_t' to 'int', possible loss of data
C:\Users\evans\ASenDHome\ASenD3D\solverSrc\mainSolver\ModelOutput.cpp(287,23): warning C4267: '=': conversion from 'size_t' to 'int', possible loss of data
C:\Users\evans\ASenDHome\ASenD3D\solverSrc\mainSolver\ModelOutput.cpp(304,24): warning C4267: '=': conversion from 'size_t' to 'int', possible loss of data
C:\Users\evans\ASenDHome\ASenD3D\solverSrc\mainSolver\ModelOutput.cpp(319,53): warning C4267: '=': conversion from 'size_t' to 'int', possible loss of data
C:\Users\evans\ASenDHome\ASenD3D\solverSrc\mainSolver\ModelOutput.cpp(351,24): warning C4267: '=': conversion from 'size_t' to 'int', possible loss of data
C:\Users\evans\ASenDHome\ASenD3D\solverSrc\mainSolver\ModelOutput.cpp(387,24): warning C4267: '=': conversion from 'size_t' to 'int', possible loss of data
C:\Users\evans\ASenDHome\ASenD3D\solverSrc\mainSolver\ModelOutput.cpp(403,53): warning C4267: '=': conversion from 'size_t' to 'int', possible loss of data
C:\Users\evans\ASenDHome\ASenD3D\solverSrc\mainSolver\ModelOutput.cpp(439,8): warning C4101: 'this_nd': unreferenced local variable
C:\Users\evans\ASenDHome\ASenD3D\solverSrc\mainSolver\ModelOutput.cpp(535,28): warning C4267: '=': conversion from 'size_t' to 'int', possible loss of data
  NodeClass.cpp
  Compiling...
  ObjectiveClass.cpp
C:\Users\evans\ASenDHome\ASenD3D\solverSrc\mainSolver\ObjectiveClass.cpp(35,43): warning C4267: '=': conversion from 'size_t' to 'int', possible loss of data
C:\Users\evans\ASenDHome\ASenD3D\solverSrc\mainSolver\ObjectiveClass.cpp(38,43): warning C4267: '=': conversion from 'size_t' to 'int', possible loss of data
C:\Users\evans\ASenDHome\ASenD3D\solverSrc\mainSolver\ObjectiveClass.cpp(299,20): warning C4267: '=': conversion from 'size_t' to 'int', possible loss of data
C:\Users\evans\ASenDHome\ASenD3D\solverSrc\mainSolver\ObjectiveClass.cpp(322,27): warning C4267: '=': conversion from 'size_t' to 'int', possible loss of data
C:\Users\evans\ASenDHome\ASenD3D\solverSrc\mainSolver\ObjectiveClass.cpp(345,27): warning C4267: '=': conversion from 'size_t' to 'int', possible loss of data
C:\Users\evans\ASenDHome\ASenD3D\solverSrc\mainSolver\ObjectiveClass.cpp(361,20): warning C4267: '=': conversion from 'size_t' to 'int', possible loss of data
C:\Users\evans\ASenDHome\ASenD3D\solverSrc\mainSolver\ObjectiveClass.cpp(392,27): warning C4267: '=': conversion from 'size_t' to 'int', possible loss of data
C:\Users\evans\ASenDHome\ASenD3D\solverSrc\mainSolver\ObjectiveClass.cpp(431,20): warning C4267: '=': conversion from 'size_t' to 'int', possible loss of data
C:\Users\evans\ASenDHome\ASenD3D\solverSrc\mainSolver\ObjectiveClass.cpp(451,51): warning C4267: '=': conversion from 'size_t' to 'int', possible loss of data
C:\Users\evans\ASenDHome\ASenD3D\solverSrc\mainSolver\ObjectiveClass.cpp(467,27): warning C4267: '=': conversion from 'size_t' to 'int', possible loss of data
C:\Users\evans\ASenDHome\ASenD3D\solverSrc\mainSolver\ObjectiveClass.cpp(508,20): warning C4267: '=': conversion from 'size_t' to 'int', possible loss of data
C:\Users\evans\ASenDHome\ASenD3D\solverSrc\mainSolver\ObjectiveClass.cpp(533,27): warning C4267: '=': conversion from 'size_t' to 'int', possible loss of data
C:\Users\evans\ASenDHome\ASenD3D\solverSrc\mainSolver\ObjectiveClass.cpp(574,20): warning C4267: '=': conversion from 'size_t' to 'int', possible loss of data
C:\Users\evans\ASenDHome\ASenD3D\solverSrc\mainSolver\ObjectiveClass.cpp(286,9): warning C4101: 'nd_data': unreferenced local variable
C:\Users\evans\ASenDHome\ASenD3D\solverSrc\mainSolver\ObjectiveClass.cpp(641,20): warning C4267: '=': conversion from 'size_t' to 'int', possible loss of data
C:\Users\evans\ASenDHome\ASenD3D\solverSrc\mainSolver\ObjectiveClass.cpp(689,20): warning C4267: '=': conversion from 'size_t' to 'int', possible loss of data
C:\Users\evans\ASenDHome\ASenD3D\solverSrc\mainSolver\ObjectiveClass.cpp(764,20): warning C4267: '=': conversion from 'size_t' to 'int', possible loss of data
C:\Users\evans\ASenDHome\ASenD3D\solverSrc\mainSolver\ObjectiveClass.cpp(817,20): warning C4267: '=': conversion from 'size_t' to 'int', possible loss of data
C:\Users\evans\ASenDHome\ASenD3D\solverSrc\mainSolver\ObjectiveClass.cpp(886,20): warning C4267: '=': conversion from 'size_t' to 'int', possible loss of data
C:\Users\evans\ASenDHome\ASenD3D\solverSrc\mainSolver\ObjectiveClass.cpp(944,20): warning C4267: '=': conversion from 'size_t' to 'int', possible loss of data
C:\Users\evans\ASenDHome\ASenD3D\solverSrc\mainSolver\ObjectiveClass.cpp(968,52): warning C4267: '=': conversion from 'size_t' to 'int', possible loss of data
C:\Users\evans\ASenDHome\ASenD3D\solverSrc\mainSolver\ObjectiveClass.cpp(1005,20): warning C4267: '=': conversion from 'size_t' to 'int', possible loss of data
C:\Users\evans\ASenDHome\ASenD3D\solverSrc\mainSolver\ObjectiveClass.cpp(1055,20): warning C4267: '=': conversion from 'size_t' to 'int', possible loss of data
  SectionClass.cpp
  SetClass.cpp
  Generating code
  Previous IPDB not found, fall back to full compilation.
C:\Users\evans\ASenDHome\ASenD3D\solverSrc\mainSolver\SectionClass.cpp(164): warning C4715: 'Section::get_layer_mat_ptr': not all control paths return a value
  All 1981 functions were compiled because no usable IPDB/IOBJ from previous compilation was found.
  Finished generating code
  ASenD_runJob.vcxproj -> C:\Users\evans\ASenDHome\ASenD3D\VS\mainSolver\ASenD_runJob\x64\Release\ASenD_runJob.exe
